<?xml version="1.0" encoding="UTF-8"?>
<!-- Generated by org.testng.reporters.JUnitReportReporter -->
<testsuite skipped="0" hostname="XAVIER-PC" name="test.Login" tests="1" failures="0" timestamp="10 Feb 2019 12:11:49 GMT" time="8.543" errors="0">
  <testcase name="login1" time="8.543" classname="test.Login"/>
</testsuite> <!-- test.Login -->
